[debug] [2019-12-05T07:21:11.542Z] ----------------------------------------------------------------------
[debug] [2019-12-05T07:21:11.545Z] Command:       C:\Program Files (x86)\Nodist\v-x64\10.13.0\node.exe C:\Program Files (x86)\Nodist\bin\node_modules\firebase-tools\lib\bin\firebase.js init
[debug] [2019-12-05T07:21:11.546Z] CLI Version:   7.9.0
[debug] [2019-12-05T07:21:11.546Z] Platform:      win32
[debug] [2019-12-05T07:21:11.546Z] Node Version:  v10.13.0
[debug] [2019-12-05T07:21:11.550Z] Time:          Thu Dec 05 2019 16:21:11 GMT+0900 (GMT+09:00)
[debug] [2019-12-05T07:21:11.550Z] ----------------------------------------------------------------------
[debug] [2019-12-05T07:21:11.550Z] 
[debug] [2019-12-05T07:21:11.559Z] > command requires scopes: ["email","openid","https://www.googleapis.com/auth/cloudplatformprojects.readonly","https://www.googleapis.com/auth/firebase","https://www.googleapis.com/auth/cloud-platform"]
[debug] [2019-12-05T07:21:11.560Z] > authorizing via signed-in user
[info] 
     ######## #### ########  ######## ########     ###     ######  ########
     ##        ##  ##     ## ##       ##     ##  ##   ##  ##       ##
     ######    ##  ########  ######   ########  #########  ######  ######
     ##        ##  ##    ##  ##       ##     ## ##     ##       ## ##
     ##       #### ##     ## ######## ########  ##     ##  ######  ########

You're about to initialize a Firebase project in this directory:

  C:\Users\yohe.w\Desktop\sec-try\hoy\hoy1

[info] 
=== Project Setup
[info] 
[info] First, let's associate this project directory with a Firebase project.
[info] You can create multiple project aliases by running firebase use --add, 
[info] but for now we'll just set up a default project.
[info] 
[debug] [2019-12-05T07:28:10.982Z] > refreshing access token with scopes: ["email","https://www.googleapis.com/auth/cloud-platform","https://www.googleapis.com/auth/cloudplatformprojects.readonly","https://www.googleapis.com/auth/firebase","openid"]
[debug] [2019-12-05T07:28:10.983Z] >>> HTTP REQUEST POST https://www.googleapis.com/oauth2/v3/token  
 <request body omitted>
[debug] [2019-12-05T07:28:22.054Z] Authentication Error: Your credentials are no longer valid. Please run firebase login --reauth

For CI servers and headless environments, generate a new token with firebase login:ci
[debug] [2019-12-05T07:28:33.095Z] FirebaseError: Authentication Error: Your credentials are no longer valid. Please run firebase login --reauth

For CI servers and headless environments, generate a new token with firebase login:ci
    at Object.<anonymous> (C:\Program Files (x86)\Nodist\bin\node_modules\firebase-tools\lib\auth.js:23:32)
    at Module._compile (internal/modules/cjs/loader.js:688:30)
    at Object.Module._extensions..js (internal/modules/cjs/loader.js:699:10)
    at Module.load (internal/modules/cjs/loader.js:598:32)
    at tryModuleLoad (internal/modules/cjs/loader.js:537:12)
    at Function.Module._load (internal/modules/cjs/loader.js:529:3)
    at Module.require (internal/modules/cjs/loader.js:636:17)
    at require (internal/modules/cjs/helpers.js:20:18)
    at Object.<anonymous> (C:\Program Files (x86)\Nodist\bin\node_modules\firebase-tools\lib\commands\login.js:8:12)
    at Module._compile (internal/modules/cjs/loader.js:688:30)
    at Object.Module._extensions..js (internal/modules/cjs/loader.js:699:10)
    at Module.load (internal/modules/cjs/loader.js:598:32)
    at tryModuleLoad (internal/modules/cjs/loader.js:537:12)
    at Function.Module._load (internal/modules/cjs/loader.js:529:3)
    at Module.require (internal/modules/cjs/loader.js:636:17)
    at require (internal/modules/cjs/helpers.js:20:18)
[error] 
[error] Error: Failed to list Firebase projects. See firebase-debug.log for more info.
